# JRE version: Java(TM) SE Runtime Environment (8.0_162-b12) (build 1.8.0_162-b12)
# Java VM: Java HotSpot(TM) 64-Bit Server VM (25.162-b12 mixed mode windows-amd64 compressed oops)
Heap:
 PSYoungGen      total 71680K, used 20955K [0x00000000d5a00000, 0x00000000da500000, 0x0000000100000000)
  eden space 66560K, 23% used [0x00000000d5a00000,0x00000000d697a2b0,0x00000000d9b00000)
  from space 5120K, 99% used [0x00000000d9b00000,0x00000000d9ffcc30,0x00000000da000000)
  to   space 5120K, 0% used [0x00000000da000000,0x00000000da000000,0x00000000da500000)
 ParOldGen       total 53760K, used 10797K [0x0000000080e00000, 0x0000000084280000, 0x00000000d5a00000)
  object space 53760K, 20% used [0x0000000080e00000,0x000000008188b430,0x0000000084280000)
 Metaspace       used 33133K, capacity 33780K, committed 34096K, reserved 1079296K
  class space    used 4628K, capacity 4804K, committed 4912K, reserved 1048576K
GC Heap History (10 events):
Event: 0.665 GC heap before
{Heap before GC invocations=2 (full 0):
 PSYoungGen      total 38400K, used 36671K [0x00000000d5a00000, 0x00000000d8480000, 0x0000000100000000)
  eden space 33280K, 100% used [0x00000000d5a00000,0x00000000d7a80000,0x00000000d7a80000)
  from space 5120K, 66% used [0x00000000d7a80000,0x00000000d7dcfd30,0x00000000d7f80000)
  to   space 5120K, 0% used [0x00000000d7f80000,0x00000000d7f80000,0x00000000d8480000)
 ParOldGen       total 87552K, used 16K [0x0000000080e00000, 0x0000000086380000, 0x00000000d5a00000)
  object space 87552K, 0% used [0x0000000080e00000,0x0000000080e04000,0x0000000086380000)
 Metaspace       used 13440K, capacity 13936K, committed 14080K, reserved 1060864K
  class space    used 1838K, capacity 1978K, committed 2048K, reserved 1048576K
Event: 0.674 GC heap after
Heap after GC invocations=2 (full 0):
 PSYoungGen      total 38400K, used 4547K [0x00000000d5a00000, 0x00000000da500000, 0x0000000100000000)
  eden space 33280K, 0% used [0x00000000d5a00000,0x00000000d5a00000,0x00000000d7a80000)
  from space 5120K, 88% used [0x00000000d7f80000,0x00000000d83f0eb8,0x00000000d8480000)
  to   space 5120K, 0% used [0x00000000d7a80000,0x00000000d7a80000,0x00000000d7f80000)
 ParOldGen       total 87552K, used 24K [0x0000000080e00000, 0x0000000086380000, 0x00000000d5a00000)
  object space 87552K, 0% used [0x0000000080e00000,0x0000000080e06000,0x0000000086380000)
 Metaspace       used 13440K, capacity 13936K, committed 14080K, reserved 1060864K
  class space    used 1838K, capacity 1978K, committed 2048K, reserved 1048576K
}
Event: 1.125 GC heap before
{Heap before GC invocations=3 (full 0):
 PSYoungGen      total 38400K, used 37827K [0x00000000d5a00000, 0x00000000da500000, 0x0000000100000000)
  eden space 33280K, 100% used [0x00000000d5a00000,0x00000000d7a80000,0x00000000d7a80000)
  from space 5120K, 88% used [0x00000000d7f80000,0x00000000d83f0eb8,0x00000000d8480000)
  to   space 5120K, 0% used [0x00000000d7a80000,0x00000000d7a80000,0x00000000d7f80000)
 ParOldGen       total 87552K, used 24K [0x0000000080e00000, 0x0000000086380000, 0x00000000d5a00000)
  object space 87552K, 0% used [0x0000000080e00000,0x0000000080e06000,0x0000000086380000)
 Metaspace       used 19811K, capacity 20372K, committed 20480K, reserved 1067008K
  class space    used 2653K, capacity 2800K, committed 2816K, reserved 1048576K
Event: 1.130 GC heap after
Heap after GC invocations=3 (full 0):
 PSYoungGen      total 38400K, used 5092K [0x00000000d5a00000, 0x00000000da500000, 0x0000000100000000)
  eden space 33280K, 0% used [0x00000000d5a00000,0x00000000d5a00000,0x00000000d7a80000)
  from space 5120K, 99% used [0x00000000d7a80000,0x00000000d7f790d8,0x00000000d7f80000)
  to   space 5120K, 0% used [0x00000000da000000,0x00000000da000000,0x00000000da500000)
 ParOldGen       total 87552K, used 2551K [0x0000000080e00000, 0x0000000086380000, 0x00000000d5a00000)
  object space 87552K, 2% used [0x0000000080e00000,0x000000008107def8,0x0000000086380000)
 Metaspace       used 19811K, capacity 20372K, committed 20480K, reserved 1067008K
  class space    used 2653K, capacity 2800K, committed 2816K, reserved 1048576K
}
Event: 1.345 GC heap before
{Heap before GC invocations=4 (full 0):
 PSYoungGen      total 38400K, used 19008K [0x00000000d5a00000, 0x00000000da500000, 0x0000000100000000)
  eden space 33280K, 41% used [0x00000000d5a00000,0x00000000d67972a0,0x00000000d7a80000)
  from space 5120K, 99% used [0x00000000d7a80000,0x00000000d7f790d8,0x00000000d7f80000)
  to   space 5120K, 0% used [0x00000000da000000,0x00000000da000000,0x00000000da500000)
 ParOldGen       total 87552K, used 2551K [0x0000000080e00000, 0x0000000086380000, 0x00000000d5a00000)
  object space 87552K, 2% used [0x0000000080e00000,0x000000008107def8,0x0000000086380000)
 Metaspace       used 20703K, capacity 21258K, committed 21296K, reserved 1067008K
  class space    used 2940K, capacity 3091K, committed 3120K, reserved 1048576K
Event: 1.348 GC heap after
Heap after GC invocations=4 (full 0):
 PSYoungGen      total 71680K, used 5110K [0x00000000d5a00000, 0x00000000da500000, 0x0000000100000000)
  eden space 66560K, 0% used [0x00000000d5a00000,0x00000000d5a00000,0x00000000d9b00000)
  from space 5120K, 99% used [0x00000000da000000,0x00000000da4fdb58,0x00000000da500000)
  to   space 5120K, 0% used [0x00000000d9b00000,0x00000000d9b00000,0x00000000da000000)
 ParOldGen       total 87552K, used 2887K [0x0000000080e00000, 0x0000000086380000, 0x00000000d5a00000)
  object space 87552K, 3% used [0x0000000080e00000,0x00000000810d1ef8,0x0000000086380000)
 Metaspace       used 20703K, capacity 21258K, committed 21296K, reserved 1067008K
  class space    used 2940K, capacity 3091K, committed 3120K, reserved 1048576K
}
Event: 1.348 GC heap before
{Heap before GC invocations=5 (full 1):
 PSYoungGen      total 71680K, used 5110K [0x00000000d5a00000, 0x00000000da500000, 0x0000000100000000)
  eden space 66560K, 0% used [0x00000000d5a00000,0x00000000d5a00000,0x00000000d9b00000)
  from space 5120K, 99% used [0x00000000da000000,0x00000000da4fdb58,0x00000000da500000)
  to   space 5120K, 0% used [0x00000000d9b00000,0x00000000d9b00000,0x00000000da000000)
 ParOldGen       total 87552K, used 2887K [0x0000000080e00000, 0x0000000086380000, 0x00000000d5a00000)
  object space 87552K, 3% used [0x0000000080e00000,0x00000000810d1ef8,0x0000000086380000)
 Metaspace       used 20703K, capacity 21258K, committed 21296K, reserved 1067008K
  class space    used 2940K, capacity 3091K, committed 3120K, reserved 1048576K
Event: 1.369 GC heap after
Heap after GC invocations=5 (full 1):
 PSYoungGen      total 71680K, used 0K [0x00000000d5a00000, 0x00000000da500000, 0x0000000100000000)
  eden space 66560K, 0% used [0x00000000d5a00000,0x00000000d5a00000,0x00000000d9b00000)
  from space 5120K, 0% used [0x00000000da000000,0x00000000da000000,0x00000000da500000)
  to   space 5120K, 0% used [0x00000000d9b00000,0x00000000d9b00000,0x00000000da000000)
 ParOldGen       total 53760K, used 6945K [0x0000000080e00000, 0x0000000084280000, 0x00000000d5a00000)
  object space 53760K, 12% used [0x0000000080e00000,0x00000000814c85f0,0x0000000084280000)
 Metaspace       used 20703K, capacity 21258K, committed 21296K, reserved 1067008K
  class space    used 2940K, capacity 3091K, committed 3120K, reserved 1048576K
}
Event: 2.050 GC heap before
{Heap before GC invocations=6 (full 1):
 PSYoungGen      total 71680K, used 66560K [0x00000000d5a00000, 0x00000000da500000, 0x0000000100000000)
  eden space 66560K, 100% used [0x00000000d5a00000,0x00000000d9b00000,0x00000000d9b00000)
  from space 5120K, 0% used [0x00000000da000000,0x00000000da000000,0x00000000da500000)
  to   space 5120K, 0% used [0x00000000d9b00000,0x00000000d9b00000,0x00000000da000000)
 ParOldGen       total 53760K, used 6945K [0x0000000080e00000, 0x0000000084280000, 0x00000000d5a00000)
  object space 53760K, 12% used [0x0000000080e00000,0x00000000814c85f0,0x0000000084280000)
 Metaspace       used 31070K, capacity 31622K, committed 31920K, reserved 1077248K
  class space    used 4352K, capacity 4495K, committed 4528K, reserved 1048576K
Event: 2.055 GC heap after
Heap after GC invocations=6 (full 1):
 PSYoungGen      total 71680K, used 5107K [0x00000000d5a00000, 0x00000000da500000, 0x0000000100000000)
  eden space 66560K, 0% used [0x00000000d5a00000,0x00000000d5a00000,0x00000000d9b00000)
  from space 5120K, 99% used [0x00000000d9b00000,0x00000000d9ffcc30,0x00000000da000000)
  to   space 5120K, 0% used [0x00000000da000000,0x00000000da000000,0x00000000da500000)
 ParOldGen       total 53760K, used 10797K [0x0000000080e00000, 0x0000000084280000, 0x00000000d5a00000)
  object space 53760K, 20% used [0x0000000080e00000,0x000000008188b430,0x0000000084280000)
 Metaspace       used 31070K, capacity 31622K, committed 31920K, reserved 1077248K
  class space    used 4352K, capacity 4495K, committed 4528K, reserved 1048576K
}

